2017-09-15 12:17:36,318 [INFO] from play.core.server.NettyServer in pool-6-thread-4 - Listening for HTTP on /0:0:0:0:0:0:0:0:9000
2017-09-15 12:18:10,103 [INFO] from play.api.Play in ForkJoinPool-1-worker-1 - Application started (Dev)
2017-09-15 12:18:10,860 [WARN] from com.datastax.driver.core.NettyUtil in New I/O worker #1 - Found Netty's native epoll transport, but not running on linux-based operating system. Using NIO instead.
2017-09-15 12:18:16,679 [WARN] from com.datastax.driver.core.HostConnectionPool in cluster1-nio-worker-6 - Error creating connection to /10.0.1.245:8042
com.datastax.driver.core.exceptions.TransportException: [/10.0.1.245:8042] Cannot connect
	at com.datastax.driver.core.Connection$1.operationComplete(Connection.java:165) [cassandra-driver-core-3.3.0.jar:na]
	at com.datastax.driver.core.Connection$1.operationComplete(Connection.java:148) [cassandra-driver-core-3.3.0.jar:na]
	at io.netty.util.concurrent.DefaultPromise.notifyListener0(DefaultPromise.java:507) [netty-common-4.0.48.Final.jar:4.0.48.Final]
	at io.netty.util.concurrent.DefaultPromise.notifyListeners0(DefaultPromise.java:500) [netty-common-4.0.48.Final.jar:4.0.48.Final]
	at io.netty.util.concurrent.DefaultPromise.notifyListenersNow(DefaultPromise.java:479) [netty-common-4.0.48.Final.jar:4.0.48.Final]
	at io.netty.util.concurrent.DefaultPromise.notifyListeners(DefaultPromise.java:420) [netty-common-4.0.48.Final.jar:4.0.48.Final]
	at io.netty.util.concurrent.DefaultPromise.tryFailure(DefaultPromise.java:122) [netty-common-4.0.48.Final.jar:4.0.48.Final]
	at io.netty.channel.nio.AbstractNioChannel$AbstractNioUnsafe$1.run(AbstractNioChannel.java:220) [netty-transport-4.0.48.Final.jar:4.0.48.Final]
	at io.netty.util.concurrent.PromiseTask$RunnableAdapter.call(PromiseTask.java:38) [netty-common-4.0.48.Final.jar:4.0.48.Final]
	at io.netty.util.concurrent.ScheduledFutureTask.run(ScheduledFutureTask.java:120) [netty-common-4.0.48.Final.jar:4.0.48.Final]
	at io.netty.util.concurrent.SingleThreadEventExecutor.runAllTasks(SingleThreadEventExecutor.java:399) [netty-common-4.0.48.Final.jar:4.0.48.Final]
	at io.netty.channel.nio.NioEventLoop.run(NioEventLoop.java:463) [netty-transport-4.0.48.Final.jar:4.0.48.Final]
	at io.netty.util.concurrent.SingleThreadEventExecutor$2.run(SingleThreadEventExecutor.java:131) [netty-common-4.0.48.Final.jar:4.0.48.Final]
	at io.netty.util.concurrent.DefaultThreadFactory$DefaultRunnableDecorator.run(DefaultThreadFactory.java:138) [netty-common-4.0.48.Final.jar:4.0.48.Final]
	at java.lang.Thread.run(Thread.java:745) [na:1.8.0_121]
Caused by: io.netty.channel.ConnectTimeoutException: connection timed out: /10.0.1.245:8042
	at io.netty.channel.nio.AbstractNioChannel$AbstractNioUnsafe$1.run(AbstractNioChannel.java:218) [netty-transport-4.0.48.Final.jar:4.0.48.Final]
	... 7 common frames omitted
2017-09-15 12:18:16,679 [WARN] from com.datastax.driver.core.HostConnectionPool in cluster1-nio-worker-4 - Error creating connection to /10.0.1.179:8042
com.datastax.driver.core.exceptions.TransportException: [/10.0.1.179:8042] Cannot connect
	at com.datastax.driver.core.Connection$1.operationComplete(Connection.java:165) [cassandra-driver-core-3.3.0.jar:na]
	at com.datastax.driver.core.Connection$1.operationComplete(Connection.java:148) [cassandra-driver-core-3.3.0.jar:na]
	at io.netty.util.concurrent.DefaultPromise.notifyListener0(DefaultPromise.java:507) [netty-common-4.0.48.Final.jar:4.0.48.Final]
	at io.netty.util.concurrent.DefaultPromise.notifyListeners0(DefaultPromise.java:500) [netty-common-4.0.48.Final.jar:4.0.48.Final]
	at io.netty.util.concurrent.DefaultPromise.notifyListenersNow(DefaultPromise.java:479) [netty-common-4.0.48.Final.jar:4.0.48.Final]
	at io.netty.util.concurrent.DefaultPromise.notifyListeners(DefaultPromise.java:420) [netty-common-4.0.48.Final.jar:4.0.48.Final]
	at io.netty.util.concurrent.DefaultPromise.tryFailure(DefaultPromise.java:122) [netty-common-4.0.48.Final.jar:4.0.48.Final]
	at io.netty.channel.nio.AbstractNioChannel$AbstractNioUnsafe$1.run(AbstractNioChannel.java:220) [netty-transport-4.0.48.Final.jar:4.0.48.Final]
	at io.netty.util.concurrent.PromiseTask$RunnableAdapter.call(PromiseTask.java:38) [netty-common-4.0.48.Final.jar:4.0.48.Final]
	at io.netty.util.concurrent.ScheduledFutureTask.run(ScheduledFutureTask.java:120) [netty-common-4.0.48.Final.jar:4.0.48.Final]
	at io.netty.util.concurrent.SingleThreadEventExecutor.runAllTasks(SingleThreadEventExecutor.java:399) [netty-common-4.0.48.Final.jar:4.0.48.Final]
	at io.netty.channel.nio.NioEventLoop.run(NioEventLoop.java:463) [netty-transport-4.0.48.Final.jar:4.0.48.Final]
	at io.netty.util.concurrent.SingleThreadEventExecutor$2.run(SingleThreadEventExecutor.java:131) [netty-common-4.0.48.Final.jar:4.0.48.Final]
	at io.netty.util.concurrent.DefaultThreadFactory$DefaultRunnableDecorator.run(DefaultThreadFactory.java:138) [netty-common-4.0.48.Final.jar:4.0.48.Final]
	at java.lang.Thread.run(Thread.java:745) [na:1.8.0_121]
Caused by: io.netty.channel.ConnectTimeoutException: connection timed out: /10.0.1.179:8042
	at io.netty.channel.nio.AbstractNioChannel$AbstractNioUnsafe$1.run(AbstractNioChannel.java:218) [netty-transport-4.0.48.Final.jar:4.0.48.Final]
	... 7 common frames omitted
2017-09-15 12:18:16,681 [WARN] from com.datastax.driver.core.Session in cluster1-nio-worker-6 - Error creating pool to /10.0.1.245:8042
com.datastax.driver.core.exceptions.ConnectionException: [/10.0.1.245:8042] Pool was closed during initialization
	at com.datastax.driver.core.HostConnectionPool$2.onSuccess(HostConnectionPool.java:148) [cassandra-driver-core-3.3.0.jar:na]
	at com.datastax.driver.core.HostConnectionPool$2.onSuccess(HostConnectionPool.java:134) [cassandra-driver-core-3.3.0.jar:na]
	at com.google.common.util.concurrent.Futures$6.run(Futures.java:1773) [guava-19.0.jar:na]
	at com.google.common.util.concurrent.MoreExecutors$DirectExecutor.execute(MoreExecutors.java:456) [guava-19.0.jar:na]
	at com.google.common.util.concurrent.AbstractFuture.executeListener(AbstractFuture.java:817) [guava-19.0.jar:na]
	at com.google.common.util.concurrent.AbstractFuture.complete(AbstractFuture.java:753) [guava-19.0.jar:na]
	at com.google.common.util.concurrent.AbstractFuture.set(AbstractFuture.java:613) [guava-19.0.jar:na]
	at com.google.common.util.concurrent.CollectionFuture$CollectionFutureRunningState.handleAllCompleted(CollectionFuture.java:76) [guava-19.0.jar:na]
	at com.google.common.util.concurrent.AggregateFuture$RunningState.processCompleted(AggregateFuture.java:255) [guava-19.0.jar:na]
	at com.google.common.util.concurrent.AggregateFuture$RunningState.decrementCountAndMaybeComplete(AggregateFuture.java:242) [guava-19.0.jar:na]
	at com.google.common.util.concurrent.AggregateFuture$RunningState.access$300(AggregateFuture.java:91) [guava-19.0.jar:na]
	at com.google.common.util.concurrent.AggregateFuture$RunningState$1.run(AggregateFuture.java:146) [guava-19.0.jar:na]
	at com.google.common.util.concurrent.MoreExecutors$DirectExecutor.execute(MoreExecutors.java:456) [guava-19.0.jar:na]
	at com.google.common.util.concurrent.AbstractFuture.executeListener(AbstractFuture.java:817) [guava-19.0.jar:na]
	at com.google.common.util.concurrent.AbstractFuture.complete(AbstractFuture.java:753) [guava-19.0.jar:na]
	at com.google.common.util.concurrent.AbstractFuture.completeWithFuture(AbstractFuture.java:730) [guava-19.0.jar:na]
	at com.google.common.util.concurrent.AbstractFuture.setFuture(AbstractFuture.java:666) [guava-19.0.jar:na]
	at com.google.common.util.concurrent.Futures$AsyncCatchingFuture.doFallback(Futures.java:826) [guava-19.0.jar:na]
	at com.google.common.util.concurrent.Futures$AsyncCatchingFuture.doFallback(Futures.java:813) [guava-19.0.jar:na]
	at com.google.common.util.concurrent.Futures$AbstractCatchingFuture.run(Futures.java:789) [guava-19.0.jar:na]
	at com.google.common.util.concurrent.MoreExecutors$DirectExecutor.execute(MoreExecutors.java:456) [guava-19.0.jar:na]
	at com.google.common.util.concurrent.AbstractFuture.executeListener(AbstractFuture.java:817) [guava-19.0.jar:na]
	at com.google.common.util.concurrent.AbstractFuture.complete(AbstractFuture.java:753) [guava-19.0.jar:na]
	at com.google.common.util.concurrent.AbstractFuture.completeWithFuture(AbstractFuture.java:730) [guava-19.0.jar:na]
	at com.google.common.util.concurrent.AbstractFuture.setFuture(AbstractFuture.java:666) [guava-19.0.jar:na]
	at com.google.common.util.concurrent.Futures$AsyncCatchingFuture.doFallback(Futures.java:826) [guava-19.0.jar:na]
	at com.google.common.util.concurrent.Futures$AsyncCatchingFuture.doFallback(Futures.java:813) [guava-19.0.jar:na]
	at com.google.common.util.concurrent.Futures$AbstractCatchingFuture.run(Futures.java:789) [guava-19.0.jar:na]
	at com.google.common.util.concurrent.MoreExecutors$DirectExecutor.execute(MoreExecutors.java:456) [guava-19.0.jar:na]
	at com.google.common.util.concurrent.AbstractFuture.executeListener(AbstractFuture.java:817) [guava-19.0.jar:na]
	at com.google.common.util.concurrent.AbstractFuture.complete(AbstractFuture.java:753) [guava-19.0.jar:na]
	at com.google.common.util.concurrent.AbstractFuture.setException(AbstractFuture.java:634) [guava-19.0.jar:na]
	at com.google.common.util.concurrent.Futures$AbstractChainingFuture.run(Futures.java:1405) [guava-19.0.jar:na]
	at com.google.common.util.concurrent.MoreExecutors$DirectExecutor.execute(MoreExecutors.java:456) [guava-19.0.jar:na]
	at com.google.common.util.concurrent.AbstractFuture.executeListener(AbstractFuture.java:817) [guava-19.0.jar:na]
	at com.google.common.util.concurrent.AbstractFuture.complete(AbstractFuture.java:753) [guava-19.0.jar:na]
	at com.google.common.util.concurrent.AbstractFuture.setException(AbstractFuture.java:634) [guava-19.0.jar:na]
	at com.google.common.util.concurrent.SettableFuture.setException(SettableFuture.java:53) [guava-19.0.jar:na]
	at com.datastax.driver.core.Connection$1.operationComplete(Connection.java:165) [cassandra-driver-core-3.3.0.jar:na]
	at com.datastax.driver.core.Connection$1.operationComplete(Connection.java:148) [cassandra-driver-core-3.3.0.jar:na]
	at io.netty.util.concurrent.DefaultPromise.notifyListener0(DefaultPromise.java:507) [netty-common-4.0.48.Final.jar:4.0.48.Final]
	at io.netty.util.concurrent.DefaultPromise.notifyListeners0(DefaultPromise.java:500) [netty-common-4.0.48.Final.jar:4.0.48.Final]
	at io.netty.util.concurrent.DefaultPromise.notifyListenersNow(DefaultPromise.java:479) [netty-common-4.0.48.Final.jar:4.0.48.Final]
	at io.netty.util.concurrent.DefaultPromise.notifyListeners(DefaultPromise.java:420) [netty-common-4.0.48.Final.jar:4.0.48.Final]
	at io.netty.util.concurrent.DefaultPromise.tryFailure(DefaultPromise.java:122) [netty-common-4.0.48.Final.jar:4.0.48.Final]
	at io.netty.channel.nio.AbstractNioChannel$AbstractNioUnsafe$1.run(AbstractNioChannel.java:220) [netty-transport-4.0.48.Final.jar:4.0.48.Final]
	at io.netty.util.concurrent.PromiseTask$RunnableAdapter.call(PromiseTask.java:38) [netty-common-4.0.48.Final.jar:4.0.48.Final]
	at io.netty.util.concurrent.ScheduledFutureTask.run(ScheduledFutureTask.java:120) [netty-common-4.0.48.Final.jar:4.0.48.Final]
	at io.netty.util.concurrent.SingleThreadEventExecutor.runAllTasks(SingleThreadEventExecutor.java:399) [netty-common-4.0.48.Final.jar:4.0.48.Final]
	at io.netty.channel.nio.NioEventLoop.run(NioEventLoop.java:463) [netty-transport-4.0.48.Final.jar:4.0.48.Final]
	at io.netty.util.concurrent.SingleThreadEventExecutor$2.run(SingleThreadEventExecutor.java:131) [netty-common-4.0.48.Final.jar:4.0.48.Final]
	at io.netty.util.concurrent.DefaultThreadFactory$DefaultRunnableDecorator.run(DefaultThreadFactory.java:138) [netty-common-4.0.48.Final.jar:4.0.48.Final]
	at java.lang.Thread.run(Thread.java:745) [na:1.8.0_121]
2017-09-15 12:18:16,681 [WARN] from com.datastax.driver.core.Session in cluster1-nio-worker-4 - Error creating pool to /10.0.1.179:8042
com.datastax.driver.core.exceptions.ConnectionException: [/10.0.1.179:8042] Pool was closed during initialization
	at com.datastax.driver.core.HostConnectionPool$2.onSuccess(HostConnectionPool.java:148) [cassandra-driver-core-3.3.0.jar:na]
	at com.datastax.driver.core.HostConnectionPool$2.onSuccess(HostConnectionPool.java:134) [cassandra-driver-core-3.3.0.jar:na]
	at com.google.common.util.concurrent.Futures$6.run(Futures.java:1773) [guava-19.0.jar:na]
	at com.google.common.util.concurrent.MoreExecutors$DirectExecutor.execute(MoreExecutors.java:456) [guava-19.0.jar:na]
	at com.google.common.util.concurrent.AbstractFuture.executeListener(AbstractFuture.java:817) [guava-19.0.jar:na]
	at com.google.common.util.concurrent.AbstractFuture.complete(AbstractFuture.java:753) [guava-19.0.jar:na]
	at com.google.common.util.concurrent.AbstractFuture.set(AbstractFuture.java:613) [guava-19.0.jar:na]
	at com.google.common.util.concurrent.CollectionFuture$CollectionFutureRunningState.handleAllCompleted(CollectionFuture.java:76) [guava-19.0.jar:na]
	at com.google.common.util.concurrent.AggregateFuture$RunningState.processCompleted(AggregateFuture.java:255) [guava-19.0.jar:na]
	at com.google.common.util.concurrent.AggregateFuture$RunningState.decrementCountAndMaybeComplete(AggregateFuture.java:242) [guava-19.0.jar:na]
	at com.google.common.util.concurrent.AggregateFuture$RunningState.access$300(AggregateFuture.java:91) [guava-19.0.jar:na]
	at com.google.common.util.concurrent.AggregateFuture$RunningState$1.run(AggregateFuture.java:146) [guava-19.0.jar:na]
	at com.google.common.util.concurrent.MoreExecutors$DirectExecutor.execute(MoreExecutors.java:456) [guava-19.0.jar:na]
	at com.google.common.util.concurrent.AbstractFuture.executeListener(AbstractFuture.java:817) [guava-19.0.jar:na]
	at com.google.common.util.concurrent.AbstractFuture.complete(AbstractFuture.java:753) [guava-19.0.jar:na]
	at com.google.common.util.concurrent.AbstractFuture.completeWithFuture(AbstractFuture.java:730) [guava-19.0.jar:na]
	at com.google.common.util.concurrent.AbstractFuture.setFuture(AbstractFuture.java:666) [guava-19.0.jar:na]
	at com.google.common.util.concurrent.Futures$AsyncCatchingFuture.doFallback(Futures.java:826) [guava-19.0.jar:na]
	at com.google.common.util.concurrent.Futures$AsyncCatchingFuture.doFallback(Futures.java:813) [guava-19.0.jar:na]
	at com.google.common.util.concurrent.Futures$AbstractCatchingFuture.run(Futures.java:789) [guava-19.0.jar:na]
	at com.google.common.util.concurrent.MoreExecutors$DirectExecutor.execute(MoreExecutors.java:456) [guava-19.0.jar:na]
	at com.google.common.util.concurrent.AbstractFuture.executeListener(AbstractFuture.java:817) [guava-19.0.jar:na]
	at com.google.common.util.concurrent.AbstractFuture.complete(AbstractFuture.java:753) [guava-19.0.jar:na]
	at com.google.common.util.concurrent.AbstractFuture.completeWithFuture(AbstractFuture.java:730) [guava-19.0.jar:na]
	at com.google.common.util.concurrent.AbstractFuture.setFuture(AbstractFuture.java:666) [guava-19.0.jar:na]
	at com.google.common.util.concurrent.Futures$AsyncCatchingFuture.doFallback(Futures.java:826) [guava-19.0.jar:na]
	at com.google.common.util.concurrent.Futures$AsyncCatchingFuture.doFallback(Futures.java:813) [guava-19.0.jar:na]
	at com.google.common.util.concurrent.Futures$AbstractCatchingFuture.run(Futures.java:789) [guava-19.0.jar:na]
	at com.google.common.util.concurrent.MoreExecutors$DirectExecutor.execute(MoreExecutors.java:456) [guava-19.0.jar:na]
	at com.google.common.util.concurrent.AbstractFuture.executeListener(AbstractFuture.java:817) [guava-19.0.jar:na]
	at com.google.common.util.concurrent.AbstractFuture.complete(AbstractFuture.java:753) [guava-19.0.jar:na]
	at com.google.common.util.concurrent.AbstractFuture.setException(AbstractFuture.java:634) [guava-19.0.jar:na]
	at com.google.common.util.concurrent.Futures$AbstractChainingFuture.run(Futures.java:1405) [guava-19.0.jar:na]
	at com.google.common.util.concurrent.MoreExecutors$DirectExecutor.execute(MoreExecutors.java:456) [guava-19.0.jar:na]
	at com.google.common.util.concurrent.AbstractFuture.executeListener(AbstractFuture.java:817) [guava-19.0.jar:na]
	at com.google.common.util.concurrent.AbstractFuture.complete(AbstractFuture.java:753) [guava-19.0.jar:na]
	at com.google.common.util.concurrent.AbstractFuture.setException(AbstractFuture.java:634) [guava-19.0.jar:na]
	at com.google.common.util.concurrent.SettableFuture.setException(SettableFuture.java:53) [guava-19.0.jar:na]
	at com.datastax.driver.core.Connection$1.operationComplete(Connection.java:165) [cassandra-driver-core-3.3.0.jar:na]
	at com.datastax.driver.core.Connection$1.operationComplete(Connection.java:148) [cassandra-driver-core-3.3.0.jar:na]
	at io.netty.util.concurrent.DefaultPromise.notifyListener0(DefaultPromise.java:507) [netty-common-4.0.48.Final.jar:4.0.48.Final]
	at io.netty.util.concurrent.DefaultPromise.notifyListeners0(DefaultPromise.java:500) [netty-common-4.0.48.Final.jar:4.0.48.Final]
	at io.netty.util.concurrent.DefaultPromise.notifyListenersNow(DefaultPromise.java:479) [netty-common-4.0.48.Final.jar:4.0.48.Final]
	at io.netty.util.concurrent.DefaultPromise.notifyListeners(DefaultPromise.java:420) [netty-common-4.0.48.Final.jar:4.0.48.Final]
	at io.netty.util.concurrent.DefaultPromise.tryFailure(DefaultPromise.java:122) [netty-common-4.0.48.Final.jar:4.0.48.Final]
	at io.netty.channel.nio.AbstractNioChannel$AbstractNioUnsafe$1.run(AbstractNioChannel.java:220) [netty-transport-4.0.48.Final.jar:4.0.48.Final]
	at io.netty.util.concurrent.PromiseTask$RunnableAdapter.call(PromiseTask.java:38) [netty-common-4.0.48.Final.jar:4.0.48.Final]
	at io.netty.util.concurrent.ScheduledFutureTask.run(ScheduledFutureTask.java:120) [netty-common-4.0.48.Final.jar:4.0.48.Final]
	at io.netty.util.concurrent.SingleThreadEventExecutor.runAllTasks(SingleThreadEventExecutor.java:399) [netty-common-4.0.48.Final.jar:4.0.48.Final]
	at io.netty.channel.nio.NioEventLoop.run(NioEventLoop.java:463) [netty-transport-4.0.48.Final.jar:4.0.48.Final]
	at io.netty.util.concurrent.SingleThreadEventExecutor$2.run(SingleThreadEventExecutor.java:131) [netty-common-4.0.48.Final.jar:4.0.48.Final]
	at io.netty.util.concurrent.DefaultThreadFactory$DefaultRunnableDecorator.run(DefaultThreadFactory.java:138) [netty-common-4.0.48.Final.jar:4.0.48.Final]
	at java.lang.Thread.run(Thread.java:745) [na:1.8.0_121]
